Build started 6/29/2015 2:57:02 AM.
     1>Project "d:\marm\Stage2\build_stage2_vc12x\Stage2_vc12x.vcxproj" on node 2 (Build target(s)).
     1>ClCompile:
         D:\Marmalade\7.8\s3e\bin\CL.exe /c /Id:/marmalade/7.8/extensions/s3eamazonads/h /Id:/marmalade/7.8/modules/iwutil/h /Id:/marmalade/7.8/modules/third_party/libjpeg/h /Id:/marmalade/7.8/modules/third_party/zlib/h /Id:/marmalade/7.8/modules/third_party/libpng/h /Id:/marmalade/7.8/modules/iw2d/h /Id:/marmalade/7.8/modules/iwgx/h /Id:/marmalade/7.8/modules/iwgl/h /Id:/marmalade/7.8/modules/iwgeom/h /Id:/marmalade/7.8/modules/iwresmanager/h /Id:/marmalade/7.8/extensions/pvrtextool/h /Id:/marmalade/7.8/modules/iwgxfont/h /Id:/marmalade/7.8/modules/third_party/tiniconv/source /Id:/marm/stage2/modules/soundengine/h /Id:/marm/stage2/modules/soundengine/source /Id:/marmalade/7.8/s3e/h /Id:/marmalade/7.8/s3e/h/ext /Id:/marmalade/7.8/s3e/h/std /Id:/marmalade/7.8/s3e/h/std/c++ /Id:/marmalade/7.8/s3e/h/ext_legacy /Id:/marmalade/7.8/s3e/h/legacy /I. /ZI /nologo /W3 /WX- /MP /Od /Oy- /X /Gm- /EHsc /RTC1 /MTd /GS /Gy /fp:precise /Zc:wchar_t /Zc:forScope /Fo"Debug_Stage2_vc12x_x86\\" /Fd"Debug_Stage2_vc12x_x86\vc120.pdb" /Gd /TP /analyze- /errorReport:prompt /S3Eproject /J /FI"d:\marm\Stage2\build_stage2_vc12x\temp_defines_debug.h" ..\source\main.cpp
         main.cpp
     1>d:\marm\stage2\source\main.cpp(18): warning C4244: 'argument' : conversion from 'int' to 'float', possible loss of data
       Link:
         D:\Marmalade\7.8\s3e\bin\link.exe /ERRORREPORT:PROMPT /OUT:"Debug_Stage2_vc12x_x86\Stage2.s86" /INCREMENTAL /NOLOGO /LIBPATH:d:/marmalade/7.8/modules/iwutil/lib/x86 /LIBPATH:d:/marmalade/7.8/modules/third_party/libjpeg/lib/x86 /LIBPATH:d:/marmalade/7.8/modules/third_party/zlib/lib/x86 /LIBPATH:d:/marmalade/7.8/modules/third_party/libpng/lib/x86 /LIBPATH:d:/marmalade/7.8/modules/iw2d/lib/x86 /LIBPATH:d:/marmalade/7.8/modules/iwgx/atitools /LIBPATH:d:/marmalade/7.8/modules/iwgx/lib/x86 /LIBPATH:d:/marmalade/7.8/modules/iwgl/lib/x86 /LIBPATH:d:/marmalade/7.8/modules/iwgeom/lib/x86 /LIBPATH:d:/marmalade/7.8/modules/iwresmanager/lib/x86 /LIBPATH:d:/marmalade/7.8/modules/iwgxfont/lib/x86 /LIBPATH:d:/marmalade/7.8/modules/third_party/tiniconv/lib/x86 /LIBPATH:d:/marmalade/7.8/s3e/lib/x86 vc6_compat.lib iwutil_d.lib jpeg_d.lib z_d.lib png_d.lib iw2d_d.lib ATI_Compress_MT_VC7.lib iwgx_d.lib iwgl_d.lib iwgeom_d.lib iwresmanager_d.lib iwgxfont_d.lib tiniconv_d.lib s3e_cpp_d.lib s3e_vc12_d.lib s3e_api_iwgl.lib /NODEFAULTLIB:libcmt /MANIFEST:NO /DEBUG /PDB:"Debug_Stage2_vc12x_x86\Stage2.pdb" /SUBSYSTEM:WINDOWS /OPT:NOREF /OPT:NOICF /TLBID:1 /ENTRY:"DllEntryPoint" /DYNAMICBASE /NXCOMPAT /IMPLIB:"Debug_Stage2_vc12x_x86\Stage2.lib" /MACHINE:X86  /include:_IwMain /include:_raise /include:_DllEntryPoint@12 /DLL Debug_Stage2_vc12x_x86\IwResHandlerWAV.obj
         Debug_Stage2_vc12x_x86\IwSoundADPCM.obj
         Debug_Stage2_vc12x_x86\IwSoundData.obj
         Debug_Stage2_vc12x_x86\IwSoundGroup.obj
         Debug_Stage2_vc12x_x86\IwSoundInst.obj
         Debug_Stage2_vc12x_x86\IwSoundManager.obj
         Debug_Stage2_vc12x_x86\IwSoundPCM.obj
         Debug_Stage2_vc12x_x86\IwSoundParams.obj
         Debug_Stage2_vc12x_x86\IwSoundSpec.obj
         Debug_Stage2_vc12x_x86\IwSoundWAV.obj
         Debug_Stage2_vc12x_x86\PVRTexTool_interface.obj
         Debug_Stage2_vc12x_x86\audio.obj
         Debug_Stage2_vc12x_x86\input.obj
         Debug_Stage2_vc12x_x86\main.obj
         Debug_Stage2_vc12x_x86\s3eAmazonAds_interface.obj
         Stage2_vc12x.vcxproj -> d:\marm\Stage2\build_stage2_vc12x\Debug_Stage2_vc12x_x86\Stage2.s86
       PostBuildEvent:
         echo D:\Marmalade\7.8\s3e\python\python.exe .\process_map.py "d:\marm\Stage2\build_stage2_vc12x\Debug_Stage2_vc12x_x86\Stage2.s86"
         chdir /d "d:\marmalade\7.8\s3e\tools"
         D:\Marmalade\7.8\s3e\python\python.exe .\process_map.py "d:\marm\Stage2\build_stage2_vc12x\Debug_Stage2_vc12x_x86\Stage2.s86"
         echo "s3e_plink" -l "d:\marm\Stage2\build_stage2_vc12x\Debug_Stage2_vc12x_x86\Stage2.s86" 
         chdir /d "d:\marmalade\7.8\s3e\bin"
         "s3e_plink" -l "d:\marm\Stage2\build_stage2_vc12x\Debug_Stage2_vc12x_x86\Stage2.s86" 
         
         :VCEnd
         D:\Marmalade\7.8\s3e\python\python.exe .\process_map.py "d:\marm\Stage2\build_stage2_vc12x\Debug_Stage2_vc12x_x86\Stage2.s86"
         "s3e_plink" -l "d:\marm\Stage2\build_stage2_vc12x\Debug_Stage2_vc12x_x86\Stage2.s86" 
     1>Done Building Project "d:\marm\Stage2\build_stage2_vc12x\Stage2_vc12x.vcxproj" (Build target(s)).

Build succeeded.

Time Elapsed 00:00:01.03
